<?xml version="1.0" encoding="UTF-8"?>
<!-- Generated by org.testng.reporters.JUnitXMLReporter -->
<testsuite ignored="0" hostname="Feba" failures="1" tests="5" name="first" time="73.102" errors="0" timestamp="2024-11-13T22:41:36 IST">
  <testcase classname="TestPackage.LandingPageTest" name="StringSplitDemo" time="0.643"/>
  <testcase classname="TestPackage.LandingPageTest" name="VerifyLandingPageTitle" time="0.822"/>
  <testcase classname="TestPackage.createAccountTest" name="SwitchToFrame" time="9.778"/>
  <testcase classname="TestPackage.createAccountTest" name="emailSectionFunctionality" time="31.254"/>
  <testcase classname="TestPackage.DestinationTest" name="EnterValueInDestinationTextBox" time="0.324">
    <failure type="java.io.FileNotFoundException" message="C:\Users\febaz\OneDrive\Documents\GitProject\AgodaAutomationTrail\AgodaDemoGit\src\test\java\TestData\destination.json (The system cannot find the path specified)">
      <![CDATA[java.io.FileNotFoundException: C:\Users\febaz\OneDrive\Documents\GitProject\AgodaAutomationTrail\AgodaDemoGit\src\test\java\TestData\destination.json (The system cannot find the path specified)
at java.base/java.io.FileInputStream.open0(Native Method)
at java.base/java.io.FileInputStream.open(FileInputStream.java:213)
at java.base/java.io.FileInputStream.<init>(FileInputStream.java:152)
at java.base/java.io.FileInputStream.<init>(FileInputStream.java:106)
at java.base/java.io.FileReader.<init>(FileReader.java:60)
at Pages.DestinationPage.DestinationJsonReader(DestinationPage.java:42)
at Pages.DestinationPage.EnterValueInDestionTextBox(DestinationPage.java:60)
at TestPackage.DestinationTest.EnterValueInDestinationTextBox(DestinationTest.java:31)
at java.base/java.util.ArrayList.forEach(ArrayList.java:1597)
... Removed 25 stack frames]]>
    </failure>
  </testcase> <!-- EnterValueInDestinationTextBox -->
</testsuite> <!-- first -->
