<?xml version="1.0" encoding="UTF-8"?>
<!-- Generated by org.testng.reporters.JUnitXMLReporter -->
<testsuite ignored="0" hostname="Feba" failures="0" tests="5" name="first" time="59.949" errors="0" timestamp="2024-11-13T15:36:13 IST">
  <testcase classname="TestPackage.LandingPageTest" name="StringSplitDemo" time="0.122"/>
  <testcase classname="TestPackage.LandingPageTest" name="VerifyLandingPageTitle" time="0.066"/>
  <testcase classname="TestPackage.createAccountTest" name="SwitchToFrame" time="6.609"/>
  <testcase classname="TestPackage.createAccountTest" name="emailSectionFunctionality" time="20.593"/>
  <testcase classname="TestPackage.DestinationTest" name="EnterValueInDestinationTextBox" time="0.854"/>
</testsuite> <!-- first -->
