<?xml version="1.0" encoding="UTF-8"?>
<testng-results ignored="0" total="2" passed="2" failed="0" skipped="0">
  <reporter-output>
  </reporter-output>
  <suite started-at="2024-11-05T22:44:51 IST" name="Suite" finished-at="2024-11-05T22:45:19 IST" duration-ms="28172">
    <groups>
    </groups>
    <test started-at="2024-11-05T22:44:51 IST" name="first" finished-at="2024-11-05T22:45:17 IST" duration-ms="25739">
      <class name="TestPackage.LandingPageTest">
        <test-method is-config="true" signature="setUpTest()[pri:0, instance:TestPackage.LandingPageTest@44d52de2]" started-at="2024-11-05T22:44:51 IST" name="setUpTest" finished-at="2024-11-05T22:45:16 IST" duration-ms="24828" status="PASS">
          <reporter-output>
          </reporter-output>
        </test-method> <!-- setUpTest -->
        <test-method signature="StringSplitDemo()[pri:0, instance:TestPackage.LandingPageTest@44d52de2]" started-at="2024-11-05T22:45:16 IST" name="StringSplitDemo" finished-at="2024-11-05T22:45:16 IST" duration-ms="218" status="PASS">
          <reporter-output>
          </reporter-output>
        </test-method> <!-- StringSplitDemo -->
        <test-method is-config="true" signature="tearDown()[pri:0, instance:TestPackage.LandingPageTest@44d52de2]" started-at="2024-11-05T22:45:17 IST" name="tearDown" finished-at="2024-11-05T22:45:17 IST" duration-ms="16" status="PASS">
          <reporter-output>
          </reporter-output>
        </test-method> <!-- tearDown -->
      </class> <!-- TestPackage.LandingPageTest -->
    </test> <!-- first -->
    <test started-at="2024-11-05T22:44:51 IST" name="second" finished-at="2024-11-05T22:45:19 IST" duration-ms="28172">
      <class name="TestPackage.LandingPageTest">
        <test-method is-config="true" signature="setUpTest()[pri:0, instance:TestPackage.LandingPageTest@13ad5cd3]" started-at="2024-11-05T22:44:51 IST" name="setUpTest" finished-at="2024-11-05T22:45:19 IST" duration-ms="27799" status="PASS">
          <reporter-output>
          </reporter-output>
        </test-method> <!-- setUpTest -->
        <test-method signature="StringSplitDemo()[pri:0, instance:TestPackage.LandingPageTest@13ad5cd3]" started-at="2024-11-05T22:45:19 IST" name="StringSplitDemo" finished-at="2024-11-05T22:45:19 IST" duration-ms="258" status="PASS">
          <reporter-output>
          </reporter-output>
        </test-method> <!-- StringSplitDemo -->
        <test-method is-config="true" signature="tearDown()[pri:0, instance:TestPackage.LandingPageTest@13ad5cd3]" started-at="2024-11-05T22:45:19 IST" name="tearDown" finished-at="2024-11-05T22:45:19 IST" duration-ms="0" status="PASS">
          <reporter-output>
          </reporter-output>
        </test-method> <!-- tearDown -->
      </class> <!-- TestPackage.LandingPageTest -->
    </test> <!-- second -->
  </suite> <!-- Suite -->
</testng-results>
