<?xml version="1.0" encoding="UTF-8"?>
<testng-results ignored="0" total="4" passed="4" failed="0" skipped="0">
  <reporter-output>
  </reporter-output>
  <suite started-at="2024-11-08T22:10:13 IST" name="Suite" finished-at="2024-11-08T22:10:42 IST" duration-ms="29153">
    <groups>
    </groups>
    <test started-at="2024-11-08T22:10:13 IST" name="first" finished-at="2024-11-08T22:10:42 IST" duration-ms="29153">
      <class name="TestPackage.LandingPageTest">
        <test-method is-config="true" signature="setUpTest(java.lang.String)[pri:0, instance:TestPackage.LandingPageTest@5118388b]" started-at="2024-11-08T22:10:13 IST" name="setUpTest" finished-at="2024-11-08T22:10:20 IST" duration-ms="6443" status="PASS">
          <params>
            <param index="0">
              <value>
                <![CDATA[chrome]]>
              </value>
            </param>
          </params>
          <reporter-output>
          </reporter-output>
        </test-method> <!-- setUpTest -->
        <test-method is-config="true" signature="landingpage()[pri:0, instance:TestPackage.LandingPageTest@5118388b]" started-at="2024-11-08T22:10:20 IST" name="landingpage" finished-at="2024-11-08T22:10:20 IST" duration-ms="371" status="PASS">
          <reporter-output>
          </reporter-output>
        </test-method> <!-- landingpage -->
        <test-method signature="StringSplitDemo()[pri:0, instance:TestPackage.LandingPageTest@5118388b]" started-at="2024-11-08T22:10:20 IST" name="StringSplitDemo" finished-at="2024-11-08T22:10:21 IST" duration-ms="752" status="PASS">
          <reporter-output>
          </reporter-output>
        </test-method> <!-- StringSplitDemo -->
        <test-method is-config="true" signature="reportFlush()[pri:0, instance:TestPackage.LandingPageTest@5118388b]" started-at="2024-11-08T22:10:21 IST" name="reportFlush" finished-at="2024-11-08T22:10:23 IST" duration-ms="1424" status="PASS">
          <reporter-output>
          </reporter-output>
        </test-method> <!-- reportFlush -->
        <test-method is-config="true" signature="landingpage()[pri:0, instance:TestPackage.LandingPageTest@5118388b]" started-at="2024-11-08T22:10:23 IST" name="landingpage" finished-at="2024-11-08T22:10:23 IST" duration-ms="11" status="PASS">
          <reporter-output>
          </reporter-output>
        </test-method> <!-- landingpage -->
        <test-method signature="VerifyLandingPageTitle()[pri:0, instance:TestPackage.LandingPageTest@5118388b]" started-at="2024-11-08T22:10:23 IST" name="VerifyLandingPageTitle" finished-at="2024-11-08T22:10:23 IST" duration-ms="364" status="PASS">
          <reporter-output>
          </reporter-output>
        </test-method> <!-- VerifyLandingPageTitle -->
        <test-method is-config="true" signature="reportFlush()[pri:0, instance:TestPackage.LandingPageTest@5118388b]" started-at="2024-11-08T22:10:23 IST" name="reportFlush" finished-at="2024-11-08T22:10:23 IST" duration-ms="277" status="PASS">
          <reporter-output>
          </reporter-output>
        </test-method> <!-- reportFlush -->
        <test-method is-config="true" signature="tearDown()[pri:0, instance:TestPackage.LandingPageTest@5118388b]" started-at="2024-11-08T22:10:23 IST" name="tearDown" finished-at="2024-11-08T22:10:23 IST" duration-ms="3" status="PASS">
          <reporter-output>
          </reporter-output>
        </test-method> <!-- tearDown -->
      </class> <!-- TestPackage.LandingPageTest -->
      <class name="TestPackage.createAccountTest">
        <test-method is-config="true" signature="setUpTest(java.lang.String)[pri:0, instance:TestPackage.createAccountTest@4985cbcb]" started-at="2024-11-08T22:10:23 IST" name="setUpTest" finished-at="2024-11-08T22:10:31 IST" duration-ms="7477" status="PASS">
          <params>
            <param index="0">
              <value>
                <![CDATA[chrome]]>
              </value>
            </param>
          </params>
          <reporter-output>
          </reporter-output>
        </test-method> <!-- setUpTest -->
        <test-method is-config="true" signature="NavigateToCreateAccountPage()[pri:0, instance:TestPackage.createAccountTest@4985cbcb]" started-at="2024-11-08T22:10:31 IST" name="NavigateToCreateAccountPage" finished-at="2024-11-08T22:10:31 IST" duration-ms="9" status="PASS">
          <reporter-output>
          </reporter-output>
        </test-method> <!-- NavigateToCreateAccountPage -->
        <test-method signature="SwitchToFrame()[pri:0, instance:TestPackage.createAccountTest@4985cbcb]" started-at="2024-11-08T22:10:31 IST" name="SwitchToFrame" finished-at="2024-11-08T22:10:38 IST" duration-ms="7131" status="PASS">
          <reporter-output>
          </reporter-output>
        </test-method> <!-- SwitchToFrame -->
        <test-method is-config="true" signature="reportFlush()[pri:0, instance:TestPackage.createAccountTest@4985cbcb]" started-at="2024-11-08T22:10:38 IST" name="reportFlush" finished-at="2024-11-08T22:10:38 IST" duration-ms="460" status="PASS">
          <reporter-output>
          </reporter-output>
        </test-method> <!-- reportFlush -->
        <test-method is-config="true" signature="NavigateToCreateAccountPage()[pri:0, instance:TestPackage.createAccountTest@4985cbcb]" started-at="2024-11-08T22:10:39 IST" name="NavigateToCreateAccountPage" finished-at="2024-11-08T22:10:39 IST" duration-ms="8" status="PASS">
          <reporter-output>
          </reporter-output>
        </test-method> <!-- NavigateToCreateAccountPage -->
        <test-method signature="emailSectionFunctionality()[pri:0, instance:TestPackage.createAccountTest@4985cbcb]" started-at="2024-11-08T22:10:39 IST" name="emailSectionFunctionality" finished-at="2024-11-08T22:10:42 IST" duration-ms="3646" status="PASS">
          <reporter-output>
          </reporter-output>
        </test-method> <!-- emailSectionFunctionality -->
        <test-method is-config="true" signature="reportFlush()[pri:0, instance:TestPackage.createAccountTest@4985cbcb]" started-at="2024-11-08T22:10:42 IST" name="reportFlush" finished-at="2024-11-08T22:10:42 IST" duration-ms="251" status="PASS">
          <reporter-output>
          </reporter-output>
        </test-method> <!-- reportFlush -->
        <test-method is-config="true" signature="tearDown()[pri:0, instance:TestPackage.createAccountTest@4985cbcb]" started-at="2024-11-08T22:10:42 IST" name="tearDown" finished-at="2024-11-08T22:10:42 IST" duration-ms="0" status="PASS">
          <reporter-output>
          </reporter-output>
        </test-method> <!-- tearDown -->
      </class> <!-- TestPackage.createAccountTest -->
    </test> <!-- first -->
  </suite> <!-- Suite -->
</testng-results>
