<?xml version="1.0" encoding="UTF-8"?>
<!-- Generated by org.testng.reporters.JUnitXMLReporter -->
<testsuite ignored="0" hostname="Feba" failures="0" tests="5" name="first" time="86.73" errors="0" timestamp="2024-11-08T22:24:27 IST">
  <testcase classname="TestPackage.LandingPageTest" name="StringSplitDemo" time="0.924"/>
  <testcase classname="TestPackage.LandingPageTest" name="VerifyLandingPageTitle" time="0.887"/>
  <testcase classname="TestPackage.createAccountTest" name="SwitchToFrame" time="18.846">
    <skipped/>
  </testcase> <!-- SwitchToFrame -->
  <testcase classname="TestPackage.createAccountTest" name="SwitchToFrame" time="15.329">
    <skipped/>
  </testcase> <!-- SwitchToFrame -->
  <testcase classname="TestPackage.createAccountTest" name="SwitchToFrame" time="15.392">
    <skipped/>
  </testcase> <!-- SwitchToFrame -->
</testsuite> <!-- first -->
