<?xml version="1.0" encoding="UTF-8"?>
<!-- Generated by org.testng.reporters.JUnitXMLReporter -->
<testsuite ignored="0" hostname="Feba" failures="1" tests="1" name="second" time="4.609" errors="0" timestamp="2024-11-06T19:53:00 IST">
  <testcase classname="TestPackage.LandingPageTest" name="StringSplitDemo" time="0.197">
    <failure type="java.lang.AssertionError" message="expected [Agoda Official Site | Free Cancellation &amp;amp; Booking Deals | Over 2 Million Hotels] but found []">
      <![CDATA[java.lang.AssertionError: expected [Agoda Official Site | Free Cancellation & Booking Deals | Over 2 Million Hotels] but found []
at TestPackage.LandingPageTest.VerifyLandingPageTitle(LandingPageTest.java:17)
at TestPackage.LandingPageTest.StringSplitDemo(LandingPageTest.java:26)
at java.base/java.util.ArrayList.forEach(ArrayList.java:1597)
at java.base/java.util.concurrent.FutureTask.run(FutureTask.java:317)
at java.base/java.util.concurrent.ThreadPoolExecutor.runWorker(ThreadPoolExecutor.java:1144)
at java.base/java.util.concurrent.ThreadPoolExecutor$Worker.run(ThreadPoolExecutor.java:642)
at java.base/java.lang.Thread.run(Thread.java:1570)
... Removed 21 stack frames]]>
    </failure>
  </testcase> <!-- StringSplitDemo -->
</testsuite> <!-- second -->
